<?xml version="1.0" encoding="UTF-8"?>
<testsuite xmlns:xsi="http://www.w3.org/2001/XMLSchema-instance" xsi:noNamespaceSchemaLocation="https://maven.apache.org/surefire/maven-surefire-plugin/xsd/surefire-test-report.xsd" name="com.farao_community.farao.rao_runner.api.resource.RaoRequestTest" time="0" tests="2" errors="0" skipped="0" failures="0">
  <properties>
[...]
</properties>
  <testcase name="checkRaoRequestWithEmptyOptionals" classname="com.farao_community.farao.rao_runner.api.resource.RaoRequestTest" time="0"/>
  <testcase name="checkRaoRequestNormalUsage" classname="com.farao_community.farao.rao_runner.api.resource.RaoRequestTest" time="0"/>
</testsuite>